2025-10-20 20:26:10.189 [main] INFO  testBasePackage.baseClassSetUp - Clicked on my signin link
2025-10-20 20:26:10.297 [main] INFO  testBasePackage.baseClassSetUp - Checking if account exists
2025-10-20 20:26:11.051 [main] INFO  testBasePackage.baseClassSetUp - Clicked on logout link
2025-10-20 20:26:11.463 [main] INFO  testBasePackage.baseClassSetUp - ***quit site***
2025-10-20 21:02:15.049 [main] INFO  testBasePackage.baseClassSetUp - ***opening site***
2025-10-20 21:02:16.522 [main] INFO  testBasePackage.baseClassSetUp - entering data
2025-10-20 21:02:18.541 [main] INFO  testBasePackage.baseClassSetUp - validating sucess data
2025-10-20 21:02:18.705 [main] INFO  testBasePackage.baseClassSetUp - account created
2025-10-20 21:02:18.712 [main] INFO  testBasePackage.baseClassSetUp - ***quit site***
2025-10-20 21:02:21.209 [main] INFO  testBasePackage.baseClassSetUp - ***opening site***
2025-10-20 21:02:22.125 [main] INFO  testBasePackage.baseClassSetUp - Clicked on my account link
2025-10-20 21:02:22.303 [main] INFO  testBasePackage.baseClassSetUp - Clicked on my login link
2025-10-20 21:02:22.699 [main] INFO  testBasePackage.baseClassSetUp - entered email
2025-10-20 21:02:22.813 [main] INFO  testBasePackage.baseClassSetUp - entered password
2025-10-20 21:02:22.893 [main] INFO  testBasePackage.baseClassSetUp - Clicked on my signin link
2025-10-20 21:02:23.740 [main] INFO  testBasePackage.baseClassSetUp - Checking if account exists
2025-10-20 21:02:23.819 [main] INFO  testBasePackage.baseClassSetUp - Clicked on logout link
2025-10-20 21:02:24.294 [main] INFO  testBasePackage.baseClassSetUp - ***quit site***
2025-10-20 21:05:45.093 [main] INFO  testBasePackage.baseClassSetUp - ***opening site***
2025-10-20 21:05:46.940 [main] INFO  testBasePackage.baseClassSetUp - entering data
2025-10-20 21:05:49.184 [main] INFO  testBasePackage.baseClassSetUp - validating sucess data
2025-10-20 21:05:49.266 [main] INFO  testBasePackage.baseClassSetUp - account created
2025-10-20 21:05:49.272 [main] INFO  testBasePackage.baseClassSetUp - ***quit site***
2025-10-20 21:05:52.147 [main] INFO  testBasePackage.baseClassSetUp - ***opening site***
2025-10-20 21:05:53.128 [main] INFO  testBasePackage.baseClassSetUp - Clicked on my account link
2025-10-20 21:05:53.443 [main] INFO  testBasePackage.baseClassSetUp - Clicked on my login link
2025-10-20 21:05:53.767 [main] INFO  testBasePackage.baseClassSetUp - entered email
2025-10-20 21:05:53.994 [main] INFO  testBasePackage.baseClassSetUp - entered password
2025-10-20 21:05:54.094 [main] INFO  testBasePackage.baseClassSetUp - Clicked on my signin link
2025-10-20 21:05:55.014 [main] INFO  testBasePackage.baseClassSetUp - Checking if account exists
2025-10-20 21:05:55.163 [main] INFO  testBasePackage.baseClassSetUp - Clicked on logout link
2025-10-20 21:05:55.694 [main] INFO  testBasePackage.baseClassSetUp - ***quit site***
2025-10-20 21:35:17.409 [main] INFO  testBasePackage.baseClassSetUp - ***opening site***
2025-10-20 21:35:19.226 [main] INFO  testBasePackage.baseClassSetUp - entering data
2025-10-20 21:35:21.149 [main] INFO  testBasePackage.baseClassSetUp - validating sucess data
2025-10-20 21:35:21.311 [main] INFO  testBasePackage.baseClassSetUp - account created
2025-10-20 21:35:21.324 [main] INFO  testBasePackage.baseClassSetUp - ***quit site***
2025-10-20 21:35:23.578 [main] INFO  testBasePackage.baseClassSetUp - ***opening site***
2025-10-20 21:35:24.663 [main] INFO  testBasePackage.baseClassSetUp - Clicked on my account link
2025-10-20 21:35:24.838 [main] INFO  testBasePackage.baseClassSetUp - Clicked on my login link
2025-10-20 21:35:25.186 [main] INFO  testBasePackage.baseClassSetUp - entered email
2025-10-20 21:35:25.342 [main] INFO  testBasePackage.baseClassSetUp - entered password
2025-10-20 21:35:25.440 [main] INFO  testBasePackage.baseClassSetUp - Clicked on my signin link
2025-10-20 21:35:26.470 [main] INFO  testBasePackage.baseClassSetUp - Checking if account exists
2025-10-20 21:35:26.536 [main] INFO  testBasePackage.baseClassSetUp - Clicked on logout link
2025-10-20 21:35:26.960 [main] INFO  testBasePackage.baseClassSetUp - ***quit site***
2025-10-20 21:50:11.639 [main] INFO  testBasePackage.baseClassSetUp - ***opening site***
2025-10-20 21:50:13.422 [main] INFO  testBasePackage.baseClassSetUp - entering data
2025-10-20 21:50:15.197 [main] INFO  testBasePackage.baseClassSetUp - validating sucess data
2025-10-20 21:50:15.303 [main] INFO  testBasePackage.baseClassSetUp - account created
2025-10-20 21:50:15.309 [main] INFO  testBasePackage.baseClassSetUp - ***quit site***
2025-10-20 21:50:17.927 [main] INFO  testBasePackage.baseClassSetUp - ***opening site***
2025-10-20 21:50:18.742 [main] INFO  testBasePackage.baseClassSetUp - Clicked on my account link
2025-10-20 21:50:18.991 [main] INFO  testBasePackage.baseClassSetUp - Clicked on my login link
2025-10-20 21:50:19.315 [main] INFO  testBasePackage.baseClassSetUp - entered email
