2025-10-21 00:37:19.291 [main] INFO  testBasePackage.baseClassSetUp - ***opening site***
2025-10-21 00:37:20.097 [main] INFO  testBasePackage.baseClassSetUp - ***quit site***
2025-10-21 00:37:21.329 [main] INFO  testBasePackage.baseClassSetUp - ***opening site***
2025-10-21 00:37:22.057 [main] INFO  testBasePackage.baseClassSetUp - Clicked on my account link
2025-10-21 00:37:22.100 [main] INFO  testBasePackage.baseClassSetUp - ***quit site***
2025-10-21 00:37:24.031 [main] INFO  testBasePackage.baseClassSetUp - ***opening site***
2025-10-21 00:37:24.765 [main] INFO  testBasePackage.baseClassSetUp - Clicked on my account link
2025-10-21 00:37:24.816 [main] INFO  testBasePackage.baseClassSetUp - ***quit site***
2025-10-21 00:48:51.910 [main] INFO  testBasePackage.baseClassSetUp - ***opening site***
2025-10-21 00:49:03.458 [main] INFO  testBasePackage.baseClassSetUp - ***quit site***
2025-10-21 00:49:05.213 [main] INFO  testBasePackage.baseClassSetUp - ***opening site***
2025-10-21 00:49:16.017 [main] INFO  testBasePackage.baseClassSetUp - ***quit site***
2025-10-21 00:49:18.025 [main] INFO  testBasePackage.baseClassSetUp - ***opening site***
2025-10-21 00:49:18.734 [main] INFO  testBasePackage.baseClassSetUp - Clicked on my account link
2025-10-21 00:49:28.868 [main] INFO  testBasePackage.baseClassSetUp - ***quit site***
2025-10-21 00:49:30.922 [main] INFO  testBasePackage.baseClassSetUp - ***opening site***
2025-10-21 00:49:31.648 [main] INFO  testBasePackage.baseClassSetUp - Clicked on my account link
2025-10-21 00:49:41.768 [main] INFO  testBasePackage.baseClassSetUp - ***quit site***
2025-10-21 01:03:30.145 [main] INFO  testBasePackage.baseClassSetUp - ***opening site***
2025-10-21 01:03:32.074 [main] INFO  testBasePackage.baseClassSetUp - entering data
2025-10-21 01:03:33.732 [main] INFO  testBasePackage.baseClassSetUp - validating sucess data
2025-10-21 01:03:33.796 [main] INFO  testBasePackage.baseClassSetUp - account created
2025-10-21 01:03:33.803 [main] INFO  testBasePackage.baseClassSetUp - ***quit site***
2025-10-21 01:03:35.566 [main] INFO  testBasePackage.baseClassSetUp - ***opening site***
2025-10-21 01:03:36.307 [main] INFO  testBasePackage.baseClassSetUp - Clicked on my account link
2025-10-21 01:03:36.489 [main] INFO  testBasePackage.baseClassSetUp - Clicked on my login link
2025-10-21 01:03:37.036 [main] INFO  testBasePackage.baseClassSetUp - entered email
2025-10-21 01:03:37.156 [main] INFO  testBasePackage.baseClassSetUp - entered password
2025-10-21 01:03:37.249 [main] INFO  testBasePackage.baseClassSetUp - Clicked on my signin link
2025-10-21 01:03:37.416 [main] INFO  testBasePackage.baseClassSetUp - Checking if account exists
2025-10-21 01:03:38.222 [main] INFO  testBasePackage.baseClassSetUp - Clicked on logout link
2025-10-21 01:03:38.718 [main] INFO  testBasePackage.baseClassSetUp - ***quit site***
2025-10-21 01:11:06.482 [main] INFO  testBasePackage.baseClassSetUp - ***opening site***
2025-10-21 01:11:08.465 [main] INFO  testBasePackage.baseClassSetUp - entering data
2025-10-21 01:11:09.936 [main] INFO  testBasePackage.baseClassSetUp - validating sucess data
2025-10-21 01:11:11.473 [main] INFO  testBasePackage.baseClassSetUp - account created
2025-10-21 01:11:11.495 [main] INFO  testBasePackage.baseClassSetUp - ***quit site***
2025-10-21 01:11:13.889 [main] INFO  testBasePackage.baseClassSetUp - ***opening site***
2025-10-21 01:11:14.259 [main] INFO  testBasePackage.baseClassSetUp - Clicked on my account link
2025-10-21 01:11:15.281 [main] INFO  testBasePackage.baseClassSetUp - Clicked on my login link
2025-10-21 01:11:15.745 [main] INFO  testBasePackage.baseClassSetUp - entered email
2025-10-21 01:11:15.869 [main] INFO  testBasePackage.baseClassSetUp - entered password
2025-10-21 01:11:15.960 [main] INFO  testBasePackage.baseClassSetUp - Clicked on my signin link
2025-10-21 01:11:16.138 [main] INFO  testBasePackage.baseClassSetUp - Checking if account exists
2025-10-21 01:11:17.170 [main] INFO  testBasePackage.baseClassSetUp - Clicked on logout link
2025-10-21 01:11:17.768 [main] INFO  testBasePackage.baseClassSetUp - ***quit site***
2025-10-21 01:21:18.365 [main] INFO  testBasePackage.baseClassSetUp - ***opening site***
2025-10-21 01:21:20.278 [main] INFO  testBasePackage.baseClassSetUp - entering data
2025-10-21 01:21:22.458 [main] INFO  testBasePackage.baseClassSetUp - validating sucess data
2025-10-21 01:21:27.679 [main] INFO  testBasePackage.baseClassSetUp - ***quit site***
2025-10-21 01:21:29.817 [main] INFO  testBasePackage.baseClassSetUp - ***opening site***
2025-10-21 01:21:31.704 [main] INFO  testBasePackage.baseClassSetUp - entering data
2025-10-21 01:21:31.780 [main] INFO  testBasePackage.baseClassSetUp - ***quit site***
2025-10-21 01:21:34.249 [main] INFO  testBasePackage.baseClassSetUp - ***opening site***
2025-10-21 01:21:35.153 [main] INFO  testBasePackage.baseClassSetUp - Clicked on my account link
2025-10-21 01:21:35.574 [main] INFO  testBasePackage.baseClassSetUp - Clicked on my login link
